<?xml version="1.0" encoding="UTF-8"?>
<!-- Generated by org.testng.reporters.JUnitReportReporter -->
<testsuite hostname="anand-usa" name="com.amazon.tests.AccessAmazon" tests="1" failures="0" timestamp="27 Jan 2016 23:43:31 GMT" time="0.026" errors="0">
  <testcase name="f" time="0.026" classname="com.amazon.tests.AccessAmazon"/>
</testsuite> <!-- com.amazon.tests.AccessAmazon -->
