<?xml version="1.0" encoding="UTF-8"?>
<!-- Generated by org.testng.reporters.JUnitReportReporter -->
<testsuite hostname="anand-usa" name="com.amazon.tests.AmazonLoginTest" tests="5" failures="0" timestamp="31 Jan 2016 05:14:33 GMT" time="8.494" errors="0">
  <testcase name="verifyMenuItem" time="0.632" classname="com.amazon.tests.AmazonLoginTest"/>
  <testcase name="OpenBrowser" time="4.267" classname="com.amazon.tests.AmazonLoginTest"/>
  <testcase name="SearchString" time="3.415" classname="com.amazon.tests.AmazonLoginTest"/>
  <testcase name="verifyNavXShop" time="0.136" classname="com.amazon.tests.AmazonLoginTest"/>
  <testcase name="verifyShopByDept" time="0.044" classname="com.amazon.tests.AmazonLoginTest"/>
</testsuite> <!-- com.amazon.tests.AmazonLoginTest -->
